  Apple.cpp
  Player.cpp
  Segment.cpp
D:\OpenGL projects\SnakeGL\SnakeGL\Player.cpp(109,15): warning C4267: 'initializing': conversion from 'size_t' to 'int', possible loss of data
  Shader.cpp
  SnakeGL.cpp
  stb_image.cpp
  glad.c
Player.obj : error LNK2001: unresolved external symbol glfwGetTime
SnakeGL.obj : error LNK2001: unresolved external symbol glfwSwapBuffers
SnakeGL.obj : error LNK2001: unresolved external symbol glfwGetKey
SnakeGL.obj : error LNK2001: unresolved external symbol glfwTerminate
SnakeGL.obj : error LNK2001: unresolved external symbol glfwPollEvents
SnakeGL.obj : error LNK2001: unresolved external symbol glfwInit
SnakeGL.obj : error LNK2001: unresolved external symbol glfwSetWindowShouldClose
SnakeGL.obj : error LNK2001: unresolved external symbol glfwCreateWindow
SnakeGL.obj : error LNK2001: unresolved external symbol glfwWindowHint
SnakeGL.obj : error LNK2001: unresolved external symbol glfwMakeContextCurrent
SnakeGL.obj : error LNK2001: unresolved external symbol glfwShowWindow
SnakeGL.obj : error LNK2001: unresolved external symbol glfwGetProcAddress
SnakeGL.obj : error LNK2001: unresolved external symbol glfwSetWindowSizeCallback
SnakeGL.obj : error LNK2001: unresolved external symbol glfwWindowShouldClose
D:\OpenGL projects\SnakeGL\x64\Release\SnakeGL.exe : fatal error LNK1120: 14 unresolved externals
